2023-07-18 14:48:57,469 Note: NumExpr detected 16 cores but "NUMEXPR_MAX_THREADS" not set, so enforcing safe limit of 8.
2023-07-18 14:48:57,469 NumExpr defaulting to 8 threads.
2023-07-18 14:48:57,693 ====== WebDriver manager ======
2023-07-18 14:48:58,069 Driver [C:\Users\darie\.wdm\drivers\chromedriver\win32\114.0.5735.90\chromedriver.exe] found in cache
2023-07-18 14:48:58,076 Started executable: `C:\Users\darie\.wdm\drivers\chromedriver\win32\114.0.5735.90\chromedriver.exe` in a child process with pid: 19156
2023-07-18 14:48:58,584 POST http://localhost:55110/session {"capabilities": {"firstMatch": [{}], "alwaysMatch": {"browserName": "chrome", "pageLoadStrategy": "normal", "goog:chromeOptions": {"detach": true, "extensions": [], "args": []}}}}
2023-07-18 14:48:58,584 Starting new HTTP connection (1): localhost:55110
2023-07-18 14:48:59,125 http://localhost:55110 "POST /session HTTP/1.1" 200 861
2023-07-18 14:48:59,126 Remote response: status=200 | data={"value":{"capabilities":{"acceptInsecureCerts":false,"browserName":"chrome","browserVersion":"114.0.5735.199","chrome":{"chromedriverVersion":"114.0.5735.90 (386bc09e8f4f2e025eddae123f36f6263096ae49-refs/branch-heads/5735@{#1052})","userDataDir":"C:\\Users\\darie\\AppData\\Local\\Temp\\scoped_dir19156_1689732567"},"goog:chromeOptions":{"debuggerAddress":"localhost:55114"},"networkConnectionEnabled":false,"pageLoadStrategy":"normal","platformName":"windows","proxy":{},"setWindowRect":true,"strictFileInteractability":false,"timeouts":{"implicit":0,"pageLoad":300000,"script":30000},"unhandledPromptBehavior":"dismiss and notify","webauthn:extension:credBlob":true,"webauthn:extension:largeBlob":true,"webauthn:extension:minPinLength":true,"webauthn:extension:prf":true,"webauthn:virtualAuthenticators":true},"sessionId":"ceb0d14579f06e928612b65afd78058c"}} | headers=HTTPHeaderDict({'Content-Length': '861', 'Content-Type': 'application/json; charset=utf-8', 'cache-control': 'no-cache'})
2023-07-18 14:48:59,126 Finished Request
2023-07-18 14:48:59,126 POST http://localhost:55110/session/ceb0d14579f06e928612b65afd78058c/url {"url": "https://www.linkedin.com/checkpoint/lg/sign-in-another-account"}
2023-07-18 14:49:00,474 http://localhost:55110 "POST /session/ceb0d14579f06e928612b65afd78058c/url HTTP/1.1" 200 14
2023-07-18 14:49:00,475 Remote response: status=200 | data={"value":null} | headers=HTTPHeaderDict({'Content-Length': '14', 'Content-Type': 'application/json; charset=utf-8', 'cache-control': 'no-cache'})
2023-07-18 14:49:00,475 Finished Request
2023-07-18 14:49:00,475 POST http://localhost:55110/session/ceb0d14579f06e928612b65afd78058c/window/maximize {}
2023-07-18 14:49:00,593 http://localhost:55110 "POST /session/ceb0d14579f06e928612b65afd78058c/window/maximize HTTP/1.1" 200 51
2023-07-18 14:49:00,593 Remote response: status=200 | data={"value":{"height":830,"width":1550,"x":-7,"y":-7}} | headers=HTTPHeaderDict({'Content-Length': '51', 'Content-Type': 'application/json; charset=utf-8', 'cache-control': 'no-cache'})
2023-07-18 14:49:00,593 Finished Request
2023-07-18 14:49:00,595 POST http://localhost:55110/session/ceb0d14579f06e928612b65afd78058c/element {"using": "xpath", "value": "//input[@name = 'session_key']"}
2023-07-18 14:49:00,657 http://localhost:55110 "POST /session/ceb0d14579f06e928612b65afd78058c/element HTTP/1.1" 200 94
2023-07-18 14:49:00,657 Remote response: status=200 | data={"value":{"element-6066-11e4-a52e-4f735466cecf":"214139056946188359AF73B91DB6FE06_element_2"}} | headers=HTTPHeaderDict({'Content-Length': '94', 'Content-Type': 'application/json; charset=utf-8', 'cache-control': 'no-cache'})
2023-07-18 14:49:00,657 Finished Request
2023-07-18 14:49:00,658 POST http://localhost:55110/session/ceb0d14579f06e928612b65afd78058c/element {"using": "xpath", "value": "//input[@name = 'session_password']"}
2023-07-18 14:49:00,674 http://localhost:55110 "POST /session/ceb0d14579f06e928612b65afd78058c/element HTTP/1.1" 200 94
2023-07-18 14:49:00,674 Remote response: status=200 | data={"value":{"element-6066-11e4-a52e-4f735466cecf":"214139056946188359AF73B91DB6FE06_element_9"}} | headers=HTTPHeaderDict({'Content-Length': '94', 'Content-Type': 'application/json; charset=utf-8', 'cache-control': 'no-cache'})
2023-07-18 14:49:00,675 Finished Request
2023-07-18 14:49:00,675 POST http://localhost:55110/session/ceb0d14579f06e928612b65afd78058c/element/214139056946188359AF73B91DB6FE06_element_2/value {"text": "darieglanda@outlook.com", "value": ["d", "a", "r", "i", "e", "g", "l", "a", "n", "d", "a", "@", "o", "u", "t", "l", "o", "o", "k", ".", "c", "o", "m"], "id": "214139056946188359AF73B91DB6FE06_element_2"}
2023-07-18 14:49:00,767 http://localhost:55110 "POST /session/ceb0d14579f06e928612b65afd78058c/element/214139056946188359AF73B91DB6FE06_element_2/value HTTP/1.1" 200 14
2023-07-18 14:49:00,768 Remote response: status=200 | data={"value":null} | headers=HTTPHeaderDict({'Content-Length': '14', 'Content-Type': 'application/json; charset=utf-8', 'cache-control': 'no-cache'})
2023-07-18 14:49:00,768 Finished Request
2023-07-18 14:49:00,768 POST http://localhost:55110/session/ceb0d14579f06e928612b65afd78058c/element/214139056946188359AF73B91DB6FE06_element_9/value {"text": "Arsenal2020", "value": ["A", "r", "s", "e", "n", "a", "l", "2", "0", "2", "0"], "id": "214139056946188359AF73B91DB6FE06_element_9"}
2023-07-18 14:49:00,852 http://localhost:55110 "POST /session/ceb0d14579f06e928612b65afd78058c/element/214139056946188359AF73B91DB6FE06_element_9/value HTTP/1.1" 200 14
2023-07-18 14:49:00,853 Remote response: status=200 | data={"value":null} | headers=HTTPHeaderDict({'Content-Length': '14', 'Content-Type': 'application/json; charset=utf-8', 'cache-control': 'no-cache'})
2023-07-18 14:49:00,853 Finished Request
2023-07-18 14:49:00,853 POST http://localhost:55110/session/ceb0d14579f06e928612b65afd78058c/element {"using": "xpath", "value": "//button[@type = 'submit']"}
2023-07-18 14:49:00,865 http://localhost:55110 "POST /session/ceb0d14579f06e928612b65afd78058c/element HTTP/1.1" 200 95
2023-07-18 14:49:00,865 Remote response: status=200 | data={"value":{"element-6066-11e4-a52e-4f735466cecf":"214139056946188359AF73B91DB6FE06_element_13"}} | headers=HTTPHeaderDict({'Content-Length': '95', 'Content-Type': 'application/json; charset=utf-8', 'cache-control': 'no-cache'})
2023-07-18 14:49:00,865 Finished Request
2023-07-18 14:49:00,865 POST http://localhost:55110/session/ceb0d14579f06e928612b65afd78058c/element/214139056946188359AF73B91DB6FE06_element_13/click {"id": "214139056946188359AF73B91DB6FE06_element_13"}
2023-07-18 14:49:02,583 http://localhost:55110 "POST /session/ceb0d14579f06e928612b65afd78058c/element/214139056946188359AF73B91DB6FE06_element_13/click HTTP/1.1" 200 14
2023-07-18 14:49:02,583 Remote response: status=200 | data={"value":null} | headers=HTTPHeaderDict({'Content-Length': '14', 'Content-Type': 'application/json; charset=utf-8', 'cache-control': 'no-cache'})
2023-07-18 14:49:02,586 Finished Request
2023-07-18 14:49:02,586 POST http://localhost:55110/session/ceb0d14579f06e928612b65afd78058c/element {"using": "xpath", "value": "//*[@id='home_children_heading']"}
2023-07-18 14:49:02,603 http://localhost:55110 "POST /session/ceb0d14579f06e928612b65afd78058c/element HTTP/1.1" 404 953
2023-07-18 14:49:02,604 Remote response: status=404 | data={"value":{"error":"no such element","message":"no such element: Unable to locate element: {\"method\":\"xpath\",\"selector\":\"//*[@id='home_children_heading']\"}\n  (Session info: chrome=114.0.5735.199)","stacktrace":"Backtrace:\n\tGetHandleVerifier [0x0082A813+48355]\n\t(No symbol) [0x007BC4B1]\n\t(No symbol) [0x006C5358]\n\t(No symbol) [0x006F09A5]\n\t(No symbol) [0x006F0B3B]\n\t(No symbol) [0x0071E232]\n\t(No symbol) [0x0070A784]\n\t(No symbol) [0x0071C922]\n\t(No symbol) [0x0070A536]\n\t(No symbol) [0x006E82DC]\n\t(No symbol) [0x006E93DD]\n\tGetHandleVerifier [0x00A8AABD+2539405]\n\tGetHandleVerifier [0x00ACA78F+2800735]\n\tGetHandleVerifier [0x00AC456C+2775612]\n\tGetHandleVerifier [0x008B51E0+616112]\n\t(No symbol) [0x007C5F8C]\n\t(No symbol) [0x007C2328]\n\t(No symbol) [0x007C240B]\n\t(No symbol) [0x007B4FF7]\n\tBaseThreadInitThunk [0x76847D59+25]\n\tRtlInitializeExceptionChain [0x774EB79B+107]\n\tRtlClearBits [0x774EB71F+191]\n"}} | headers=HTTPHeaderDict({'Content-Length': '953', 'Content-Type': 'application/json; charset=utf-8', 'cache-control': 'no-cache'})
2023-07-18 14:49:02,604 Finished Request
2023-07-18 14:49:02,604 Capcha is not present, continue: Message: no such element: Unable to locate element: {"method":"xpath","selector":"//*[@id='home_children_heading']"}
  (Session info: chrome=114.0.5735.199); For documentation on this error, please visit: https://www.selenium.dev/documentation/webdriver/troubleshooting/errors#no-such-element-exception
Stacktrace:
Backtrace:
	GetHandleVerifier [0x0082A813+48355]
	(No symbol) [0x007BC4B1]
	(No symbol) [0x006C5358]
	(No symbol) [0x006F09A5]
	(No symbol) [0x006F0B3B]
	(No symbol) [0x0071E232]
	(No symbol) [0x0070A784]
	(No symbol) [0x0071C922]
	(No symbol) [0x0070A536]
	(No symbol) [0x006E82DC]
	(No symbol) [0x006E93DD]
	GetHandleVerifier [0x00A8AABD+2539405]
	GetHandleVerifier [0x00ACA78F+2800735]
	GetHandleVerifier [0x00AC456C+2775612]
	GetHandleVerifier [0x008B51E0+616112]
	(No symbol) [0x007C5F8C]
	(No symbol) [0x007C2328]
	(No symbol) [0x007C240B]
	(No symbol) [0x007B4FF7]
	BaseThreadInitThunk [0x76847D59+25]
	RtlInitializeExceptionChain [0x774EB79B+107]
	RtlClearBits [0x774EB71F+191]

2023-07-18 14:49:07,605 POST http://localhost:55110/session/ceb0d14579f06e928612b65afd78058c/element {"using": "css selector", "value": ".t-16.t-black.t-bold"}
2023-07-18 14:49:07,605 http://localhost:55110 "POST /session/ceb0d14579f06e928612b65afd78058c/element HTTP/1.1" 404 865
2023-07-18 14:49:07,607 Remote response: status=404 | data={"value":{"error":"no such window","message":"no such window: target window already closed\nfrom unknown error: web view not found\n  (Session info: chrome=114.0.5735.199)","stacktrace":"Backtrace:\n\tGetHandleVerifier [0x0082A813+48355]\n\t(No symbol) [0x007BC4B1]\n\t(No symbol) [0x006C5358]\n\t(No symbol) [0x006AD293]\n\t(No symbol) [0x0070E37B]\n\t(No symbol) [0x0071C473]\n\t(No symbol) [0x0070A536]\n\t(No symbol) [0x006E82DC]\n\t(No symbol) [0x006E93DD]\n\tGetHandleVerifier [0x00A8AABD+2539405]\n\tGetHandleVerifier [0x00ACA78F+2800735]\n\tGetHandleVerifier [0x00AC456C+2775612]\n\tGetHandleVerifier [0x008B51E0+616112]\n\t(No symbol) [0x007C5F8C]\n\t(No symbol) [0x007C2328]\n\t(No symbol) [0x007C240B]\n\t(No symbol) [0x007B4FF7]\n\tBaseThreadInitThunk [0x76847D59+25]\n\tRtlInitializeExceptionChain [0x774EB79B+107]\n\tRtlClearBits [0x774EB71F+191]\n"}} | headers=HTTPHeaderDict({'Content-Length': '865', 'Content-Type': 'application/json; charset=utf-8', 'cache-control': 'no-cache'})
2023-07-18 14:49:07,607 Finished Request
